[2016-04-21 02:04:16,629] INFO [Group Metadata Manager on Broker 0]: Removed 0 expired offsets in 0 milliseconds. (kafka.coordinator.GroupMetadataManager)
[2016-04-21 02:12:05,928] INFO [GroupCoordinator 0]: Preparing to restabilize group kafka-python-default-group with old generation 0 (kafka.coordinator.GroupCoordinator)
[2016-04-21 02:12:05,929] INFO [GroupCoordinator 0]: Stabilized group kafka-python-default-group generation 1 (kafka.coordinator.GroupCoordinator)
[2016-04-21 02:12:05,968] INFO [GroupCoordinator 0]: Assignment received from leader for group kafka-python-default-group for generation 1 (kafka.coordinator.GroupCoordinator)
[2016-04-21 02:14:16,629] INFO [Group Metadata Manager on Broker 0]: Removed 0 expired offsets in 0 milliseconds. (kafka.coordinator.GroupMetadataManager)
[2016-04-21 02:14:24,460] INFO [GroupCoordinator 0]: Preparing to restabilize group kafka-python-default-group with old generation 1 (kafka.coordinator.GroupCoordinator)
[2016-04-21 02:14:27,348] INFO [GroupCoordinator 0]: Stabilized group kafka-python-default-group generation 2 (kafka.coordinator.GroupCoordinator)
[2016-04-21 02:14:27,388] INFO [GroupCoordinator 0]: Assignment received from leader for group kafka-python-default-group for generation 2 (kafka.coordinator.GroupCoordinator)
[2016-04-21 02:16:18,558] INFO [GroupCoordinator 0]: Preparing to restabilize group kafka-python-default-group with old generation 2 (kafka.coordinator.GroupCoordinator)
[2016-04-21 02:16:21,636] INFO [GroupCoordinator 0]: Stabilized group kafka-python-default-group generation 3 (kafka.coordinator.GroupCoordinator)
[2016-04-21 02:16:21,676] INFO [GroupCoordinator 0]: Assignment received from leader for group kafka-python-default-group for generation 3 (kafka.coordinator.GroupCoordinator)
[2016-04-21 02:16:49,316] INFO [GroupCoordinator 0]: Preparing to restabilize group kafka-python-default-group with old generation 3 (kafka.coordinator.GroupCoordinator)
[2016-04-21 02:16:52,565] INFO [GroupCoordinator 0]: Stabilized group kafka-python-default-group generation 4 (kafka.coordinator.GroupCoordinator)
[2016-04-21 02:16:52,608] INFO [GroupCoordinator 0]: Assignment received from leader for group kafka-python-default-group for generation 4 (kafka.coordinator.GroupCoordinator)
[2016-04-21 02:17:31,775] INFO [GroupCoordinator 0]: Preparing to restabilize group kafka-python-default-group with old generation 4 (kafka.coordinator.GroupCoordinator)
[2016-04-21 02:17:34,820] INFO [GroupCoordinator 0]: Stabilized group kafka-python-default-group generation 5 (kafka.coordinator.GroupCoordinator)
[2016-04-21 02:17:34,864] INFO [GroupCoordinator 0]: Assignment received from leader for group kafka-python-default-group for generation 5 (kafka.coordinator.GroupCoordinator)
[2016-04-21 02:18:21,784] INFO [GroupCoordinator 0]: Preparing to restabilize group kafka-python-default-group with old generation 5 (kafka.coordinator.GroupCoordinator)
[2016-04-21 02:18:23,433] INFO [GroupCoordinator 0]: Stabilized group kafka-python-default-group generation 6 (kafka.coordinator.GroupCoordinator)
[2016-04-21 02:18:23,476] INFO [GroupCoordinator 0]: Assignment received from leader for group kafka-python-default-group for generation 6 (kafka.coordinator.GroupCoordinator)
[2016-04-21 02:18:59,616] INFO [GroupCoordinator 0]: Preparing to restabilize group kafka-python-default-group with old generation 6 (kafka.coordinator.GroupCoordinator)
[2016-04-21 02:19:02,708] INFO [GroupCoordinator 0]: Stabilized group kafka-python-default-group generation 7 (kafka.coordinator.GroupCoordinator)
[2016-04-21 02:19:02,748] INFO [GroupCoordinator 0]: Assignment received from leader for group kafka-python-default-group for generation 7 (kafka.coordinator.GroupCoordinator)
[2016-04-21 02:19:47,835] INFO [GroupCoordinator 0]: Preparing to restabilize group kafka-python-default-group with old generation 7 (kafka.coordinator.GroupCoordinator)
[2016-04-21 02:19:47,836] INFO [GroupCoordinator 0]: Group kafka-python-default-group generation 7 is dead and removed (kafka.coordinator.GroupCoordinator)
[2016-04-21 02:21:28,632] INFO [GroupCoordinator 0]: Preparing to restabilize group kafka-python-default-group with old generation 0 (kafka.coordinator.GroupCoordinator)
[2016-04-21 02:21:28,632] INFO [GroupCoordinator 0]: Stabilized group kafka-python-default-group generation 1 (kafka.coordinator.GroupCoordinator)
[2016-04-21 02:21:28,676] INFO [GroupCoordinator 0]: Assignment received from leader for group kafka-python-default-group for generation 1 (kafka.coordinator.GroupCoordinator)
[2016-04-21 02:22:01,755] INFO [GroupCoordinator 0]: Preparing to restabilize group kafka-python-default-group with old generation 1 (kafka.coordinator.GroupCoordinator)
[2016-04-21 02:22:01,756] INFO [GroupCoordinator 0]: Group kafka-python-default-group generation 1 is dead and removed (kafka.coordinator.GroupCoordinator)
[2016-04-21 02:24:16,629] INFO [Group Metadata Manager on Broker 0]: Removed 0 expired offsets in 0 milliseconds. (kafka.coordinator.GroupMetadataManager)
[2016-04-21 02:34:16,629] INFO [Group Metadata Manager on Broker 0]: Removed 0 expired offsets in 0 milliseconds. (kafka.coordinator.GroupMetadataManager)
[2016-04-21 02:40:28,920] INFO [Kafka Server 0], shutting down (kafka.server.KafkaServer)
[2016-04-21 02:40:28,921] INFO [Kafka Server 0], Starting controlled shutdown (kafka.server.KafkaServer)
[2016-04-21 02:40:28,942] INFO [Kafka Server 0], Controlled shutdown succeeded (kafka.server.KafkaServer)
[2016-04-21 02:40:28,944] INFO [Socket Server on Broker 0], Shutting down (kafka.network.SocketServer)
[2016-04-21 02:40:28,950] INFO [Socket Server on Broker 0], Shutdown completed (kafka.network.SocketServer)
[2016-04-21 02:40:28,951] INFO [Kafka Request Handler on Broker 0], shutting down (kafka.server.KafkaRequestHandlerPool)
[2016-04-21 02:40:28,952] INFO [Kafka Request Handler on Broker 0], shut down completely (kafka.server.KafkaRequestHandlerPool)
[2016-04-21 02:40:28,955] INFO [ThrottledRequestReaper-Produce], Shutting down (kafka.server.ClientQuotaManager$ThrottledRequestReaper)
[2016-04-21 02:40:29,832] INFO [ThrottledRequestReaper-Produce], Shutdown completed (kafka.server.ClientQuotaManager$ThrottledRequestReaper)
[2016-04-21 02:40:29,832] INFO [ThrottledRequestReaper-Produce], Stopped  (kafka.server.ClientQuotaManager$ThrottledRequestReaper)
[2016-04-21 02:40:29,832] INFO [ThrottledRequestReaper-Fetch], Shutting down (kafka.server.ClientQuotaManager$ThrottledRequestReaper)
[2016-04-21 02:40:30,829] INFO [ThrottledRequestReaper-Fetch], Stopped  (kafka.server.ClientQuotaManager$ThrottledRequestReaper)
[2016-04-21 02:40:30,829] INFO [ThrottledRequestReaper-Fetch], Shutdown completed (kafka.server.ClientQuotaManager$ThrottledRequestReaper)
[2016-04-21 02:40:30,830] INFO [KafkaApi-0] Shutdown complete. (kafka.server.KafkaApis)
[2016-04-21 02:40:30,831] INFO [Replica Manager on Broker 0]: Shutting down (kafka.server.ReplicaManager)
[2016-04-21 02:40:30,832] INFO [ReplicaFetcherManager on broker 0] shutting down (kafka.server.ReplicaFetcherManager)
[2016-04-21 02:40:30,833] INFO [ReplicaFetcherManager on broker 0] shutdown completed (kafka.server.ReplicaFetcherManager)
[2016-04-21 02:40:30,833] INFO [ExpirationReaper-0], Shutting down (kafka.server.DelayedOperationPurgatory$ExpiredOperationReaper)
[2016-04-21 02:40:30,920] INFO [ExpirationReaper-0], Stopped  (kafka.server.DelayedOperationPurgatory$ExpiredOperationReaper)
[2016-04-21 02:40:30,920] INFO [ExpirationReaper-0], Shutdown completed (kafka.server.DelayedOperationPurgatory$ExpiredOperationReaper)
[2016-04-21 02:40:30,920] INFO [ExpirationReaper-0], Shutting down (kafka.server.DelayedOperationPurgatory$ExpiredOperationReaper)
[2016-04-21 02:40:31,041] INFO [ExpirationReaper-0], Stopped  (kafka.server.DelayedOperationPurgatory$ExpiredOperationReaper)
[2016-04-21 02:40:31,041] INFO [ExpirationReaper-0], Shutdown completed (kafka.server.DelayedOperationPurgatory$ExpiredOperationReaper)
[2016-04-21 02:40:31,056] INFO [Replica Manager on Broker 0]: Shut down completely (kafka.server.ReplicaManager)
[2016-04-21 02:40:31,057] INFO Shutting down. (kafka.log.LogManager)
[2016-04-21 02:40:31,075] INFO Shutdown complete. (kafka.log.LogManager)
[2016-04-21 02:40:31,075] INFO [GroupCoordinator 0]: Shutting down. (kafka.coordinator.GroupCoordinator)
[2016-04-21 02:40:31,075] INFO [ExpirationReaper-0], Shutting down (kafka.server.DelayedOperationPurgatory$ExpiredOperationReaper)
[2016-04-21 02:40:31,150] INFO [ExpirationReaper-0], Shutdown completed (kafka.server.DelayedOperationPurgatory$ExpiredOperationReaper)
[2016-04-21 02:40:31,150] INFO [ExpirationReaper-0], Stopped  (kafka.server.DelayedOperationPurgatory$ExpiredOperationReaper)
[2016-04-21 02:40:31,150] INFO [ExpirationReaper-0], Shutting down (kafka.server.DelayedOperationPurgatory$ExpiredOperationReaper)
[2016-04-21 02:40:31,224] INFO [ExpirationReaper-0], Stopped  (kafka.server.DelayedOperationPurgatory$ExpiredOperationReaper)
[2016-04-21 02:40:31,224] INFO [ExpirationReaper-0], Shutdown completed (kafka.server.DelayedOperationPurgatory$ExpiredOperationReaper)
[2016-04-21 02:40:31,225] INFO [GroupCoordinator 0]: Shutdown complete. (kafka.coordinator.GroupCoordinator)
[2016-04-21 02:40:31,242] INFO [Kafka Server 0], shut down completed (kafka.server.KafkaServer)
